[debug] [2022-10-10T21:36:04.761Z] ----------------------------------------------------------------------
[debug] [2022-10-10T21:36:04.762Z] Command:       /usr/local/bin/firebase /Users/jalen/.cache/firebase/tools/lib/node_modules/firebase-tools/lib/bin/firebase serve
[debug] [2022-10-10T21:36:04.762Z] CLI Version:   11.5.0
[debug] [2022-10-10T21:36:04.763Z] Platform:      darwin
[debug] [2022-10-10T21:36:04.763Z] Node Version:  v16.16.0
[debug] [2022-10-10T21:36:04.763Z] Time:          Mon Oct 10 2022 14:36:04 GMT-0700 (Pacific Daylight Time)
[debug] [2022-10-10T21:36:04.764Z] ----------------------------------------------------------------------
[debug] 
[debug] [2022-10-10T21:36:04.802Z] > command requires scopes: ["email","openid","https://www.googleapis.com/auth/cloudplatformprojects.readonly","https://www.googleapis.com/auth/firebase","https://www.googleapis.com/auth/cloud-platform"]
[debug] [2022-10-10T21:36:04.802Z] > authorizing via signed-in user (jalenpaul2002@gmail.com)
[debug] [2022-10-10T21:36:04.802Z] [iam] checking project personalwebsite-bd067 for permissions ["firebase.projects.get"]
[debug] [2022-10-10T21:36:04.803Z] >>> [apiv2][query] POST https://cloudresourcemanager.googleapis.com/v1/projects/personalwebsite-bd067:testIamPermissions [none]
[debug] [2022-10-10T21:36:04.804Z] >>> [apiv2][(partial)header] POST https://cloudresourcemanager.googleapis.com/v1/projects/personalwebsite-bd067:testIamPermissions x-goog-quota-user=projects/personalwebsite-bd067
[debug] [2022-10-10T21:36:04.804Z] >>> [apiv2][body] POST https://cloudresourcemanager.googleapis.com/v1/projects/personalwebsite-bd067:testIamPermissions {"permissions":["firebase.projects.get"]}
[debug] [2022-10-10T21:36:05.135Z] <<< [apiv2][status] POST https://cloudresourcemanager.googleapis.com/v1/projects/personalwebsite-bd067:testIamPermissions 200
[debug] [2022-10-10T21:36:05.135Z] <<< [apiv2][body] POST https://cloudresourcemanager.googleapis.com/v1/projects/personalwebsite-bd067:testIamPermissions {"permissions":["firebase.projects.get"]}
[debug] [2022-10-10T21:36:05.135Z] >>> [apiv2][query] GET https://firebase.googleapis.com/v1beta1/projects/personalwebsite-bd067 [none]
[debug] [2022-10-10T21:36:05.594Z] <<< [apiv2][status] GET https://firebase.googleapis.com/v1beta1/projects/personalwebsite-bd067 200
[debug] [2022-10-10T21:36:05.594Z] <<< [apiv2][body] GET https://firebase.googleapis.com/v1beta1/projects/personalwebsite-bd067 {"projectId":"personalwebsite-bd067","projectNumber":"1000272746180","displayName":"PersonalWebsite","name":"projects/personalwebsite-bd067","resources":{"hostingSite":"personalwebsite-bd067"},"state":"ACTIVE","etag":"1_1f6d3f1e-35ef-47ca-9209-9b67c7828f84"}
[info] 
[info] === Serving from '/Users/jalen/WebProjects/PersonalWebsite'...
[info] 
[debug] [2022-10-10T21:36:05.595Z] >>> [apiv2][query] GET https://firebasehosting.googleapis.com/v1beta1/projects/personalwebsite-bd067/sites 
[debug] [2022-10-10T21:36:06.107Z] <<< [apiv2][status] GET https://firebasehosting.googleapis.com/v1beta1/projects/personalwebsite-bd067/sites 200
[debug] [2022-10-10T21:36:06.107Z] <<< [apiv2][body] GET https://firebasehosting.googleapis.com/v1beta1/projects/personalwebsite-bd067/sites {"sites":[{"name":"projects/personalwebsite-bd067/sites/personalwebsite-bd067","defaultUrl":"https://personalwebsite-bd067.web.app","appId":"1:1000272746180:web:a325c4172e0d51c405db91","type":"DEFAULT_SITE"}]}
[debug] [2022-10-10T21:36:06.107Z] >>> [apiv2][query] GET https://firebase.googleapis.com/v1beta1/projects/personalwebsite-bd067/webApps/1:1000272746180:web:a325c4172e0d51c405db91/config [none]
[debug] [2022-10-10T21:36:06.617Z] <<< [apiv2][status] GET https://firebase.googleapis.com/v1beta1/projects/personalwebsite-bd067/webApps/1:1000272746180:web:a325c4172e0d51c405db91/config 200
[debug] [2022-10-10T21:36:06.617Z] <<< [apiv2][body] GET https://firebase.googleapis.com/v1beta1/projects/personalwebsite-bd067/webApps/1:1000272746180:web:a325c4172e0d51c405db91/config {"projectId":"personalwebsite-bd067","appId":"1:1000272746180:web:a325c4172e0d51c405db91","storageBucket":"personalwebsite-bd067.appspot.com","apiKey":"AIzaSyCsMas2GtnKRue1ltF_XzUu2K0mdun17EY","authDomain":"personalwebsite-bd067.firebaseapp.com","messagingSenderId":"1000272746180","measurementId":"G-FSJWNDM5YW"}
[warn] ⚠  hosting: Port 5000 is not available. Trying another port... {"metadata":{"emulator":{"name":"hosting"},"message":"\u001b[33mhosting: \u001b[39mPort 5000 is not available. Trying another port..."}}
[info] i  hosting: Serving hosting files from: public {"metadata":{"emulator":{"name":"hosting"},"message":"Serving hosting files from: \u001b[1mpublic\u001b[22m"}}
[info] ✔  hosting: Local server: http://localhost:5005 {"metadata":{"emulator":{"name":"hosting"},"message":"Local server: \u001b[4m\u001b[1mhttp://localhost:5005\u001b[22m\u001b[24m"}}
[info] i  hosting: 127.0.0.1 - - [10/Oct/2022:21:36:26 +0000] "GET /__/firebase/init.js?useEmulator=true HTTP/1.1" 200 - "http://localhost:5005/" "Mozilla/5.0 (Macintosh; Intel Mac OS X 10_15_7) AppleWebKit/537.36 (KHTML, like Gecko) Chrome/106.0.0.0 Safari/537.36" {"metadata":{"emulator":{"name":"hosting"},"message":"127.0.0.1 - - [10/Oct/2022:21:36:26 +0000] \"GET /__/firebase/init.js?useEmulator=true HTTP/1.1\" 200 - \"http://localhost:5005/\" \"Mozilla/5.0 (Macintosh; Intel Mac OS X 10_15_7) AppleWebKit/537.36 (KHTML, like Gecko) Chrome/106.0.0.0 Safari/537.36\""}}
